<?xml version="1.0" encoding="UTF-8"?>
<!-- Generated by org.testng.reporters.JUnitXMLReporter -->
<testsuite ignored="0" hostname="TejiDhoot" failures="2" tests="7" name="Test" time="71.502" errors="0" timestamp="2021-05-15T11:58:19 EDT">
  <testcase classname="org.web.automation.testcases.TC_005_ShoppingCartFunctionality" name="tc_001_checkCartIsEmpty" time="0.893"/>
  <testcase classname="org.web.automation.testcases.TC_005_ShoppingCartFunctionality" name="tc_002_checkCartIsNotEmpty" time="5.181"/>
  <testcase classname="org.web.automation.testcases.TC_005_ShoppingCartFunctionality" name="tc_003_DecreaseProductQuantity" time="13.819"/>
  <testcase classname="org.web.automation.testcases.TC_005_ShoppingCartFunctionality" name="tc_004_IncreaseProductQuantity" time="10.552"/>
  <testcase classname="org.web.automation.testcases.TC_005_ShoppingCartFunctionality" name="tc_005_deleteProductFromCart" time="11.295"/>
  <testcase classname="org.web.automation.testcases.TC_006_ProductPopupWindowFunctionality" name="tc_002_checkContinuebuttonPresent" time="0.156">
    <failure type="java.lang.AssertionError" message="expected [true] but found [false]">
      <![CDATA[java.lang.AssertionError: expected [true] but found [false]
at org.web.automation.utility.Validate.validateElementPresent(Validate.java:15)
at org.web.automation.pages.ProductAddedPopup.ContinueButtonPresent(ProductAddedPopup.java:74)
at org.web.automation.testcases.TC_006_ProductPopupWindowFunctionality.tc_002_checkContinuebuttonPresent(TC_006_ProductPopupWindowFunctionality.java:18)
at java.base/java.util.ArrayList.forEach(ArrayList.java:1511)
... Removed 33 stack frames]]>
    </failure>
  </testcase> <!-- tc_002_checkContinuebuttonPresent -->
  <testcase classname="org.web.automation.testcases.TC_006_ProductPopupWindowFunctionality" name="tc_003_checkProceedToCheckoutButtonPresent" time="0.15">
    <failure type="java.lang.AssertionError" message="expected [true] but found [false]">
      <![CDATA[java.lang.AssertionError: expected [true] but found [false]
at org.web.automation.utility.Validate.validateElementPresent(Validate.java:15)
at org.web.automation.pages.ProductAddedPopup.ProceedToCheckoutButtonPresent(ProductAddedPopup.java:86)
at org.web.automation.testcases.TC_006_ProductPopupWindowFunctionality.tc_003_checkProceedToCheckoutButtonPresent(TC_006_ProductPopupWindowFunctionality.java:25)
at java.base/java.util.ArrayList.forEach(ArrayList.java:1511)
... Removed 33 stack frames]]>
    </failure>
  </testcase> <!-- tc_003_checkProceedToCheckoutButtonPresent -->
</testsuite> <!-- Test -->
