<!DOCTYPE html PUBLIC "-//W3C//DTD XHTML 1.1//EN" "https://www.w3.org/TR/xhtml11/DTD/xhtml11.dtd">
<html xmlns="https://www.w3.org/1999/xhtml">
<head>
<meta http-equiv="content-type" content="text/html; charset=UTF-8"/>
<title>TestNG Report</title>
<style type="text/css">table {margin-bottom:10px;border-collapse:collapse;empty-cells:show}th,td {border:1px solid #009;padding:.25em .5em}th {vertical-align:bottom}td {vertical-align:top}table a {font-weight:bold}.stripe td {background-color: #E6EBF9}.num {text-align:right}.passedodd td {background-color: #3F3}.passedeven td {background-color: #0A0}.skippedodd td {background-color: #DDD}.skippedeven td {background-color: #CCC}.failedodd td,.attn {background-color: #F33}.failedeven td,.stripe .attn {background-color: #D00}.stacktrace {white-space:pre;font-family:monospace}.totop {font-size:85%;text-align:center;border-bottom:2px solid #000}.invisible {display:none}</style>
</head>
<body>
<table>
<tr><th>Test</th><th># Passed</th><th># Skipped</th><th># Retried</th><th># Failed</th><th>Time (ms)</th><th>Included Groups</th><th>Excluded Groups</th></tr>
<tr><th colspan="8">Suite</th></tr>
<tr><td><a href="#t0">Test</a></td><td class="num">5</td><td class="num">0</td><td class="num">0</td><td class="num attn">2</td><td class="num">71,502</td><td></td><td></td></tr>
</table>
<table id='summary'><thead><tr><th>Class</th><th>Method</th><th>Start</th><th>Time (ms)</th></tr></thead><tbody><tr><th colspan="4">Suite</th></tr></tbody><tbody id="t0"><tr><th colspan="4">Test &#8212; failed</th></tr><tr class="failedeven"><td rowspan="2">org.web.automation.testcases.TC_006_ProductPopupWindowFunctionality</td><td><a href="#m0">tc_002_checkContinuebuttonPresent</a></td><td rowspan="1">1621094295340</td><td rowspan="1">156</td></tr><tr class="failedeven"><td><a href="#m1">tc_003_checkProceedToCheckoutButtonPresent</a></td><td rowspan="1">1621094299160</td><td rowspan="1">150</td></tr><tr><th colspan="4">Test &#8212; passed</th></tr><tr class="passedeven"><td rowspan="5">org.web.automation.testcases.TC_005_ShoppingCartFunctionality</td><td><a href="#m2">tc_001_checkCartIsEmpty</a></td><td rowspan="1">1621094239910</td><td rowspan="1">893</td></tr><tr class="passedeven"><td><a href="#m3">tc_002_checkCartIsNotEmpty</a></td><td rowspan="1">1621094243325</td><td rowspan="1">5181</td></tr><tr class="passedeven"><td><a href="#m4">tc_003_DecreaseProductQuantity</a></td><td rowspan="1">1621094251110</td><td rowspan="1">13819</td></tr><tr class="passedeven"><td><a href="#m5">tc_004_IncreaseProductQuantity</a></td><td rowspan="1">1621094267374</td><td rowspan="1">10552</td></tr><tr class="passedeven"><td><a href="#m6">tc_005_deleteProductFromCart</a></td><td rowspan="1">1621094281544</td><td rowspan="1">11295</td></tr></tbody>
</table>
<h2>Test</h2><h3 id="m0">org.web.automation.testcases.TC_006_ProductPopupWindowFunctionality#tc_002_checkContinuebuttonPresent</h3><table class="result"><tr><th>Exception</th></tr><tr><td><div class="stacktrace">java.lang.AssertionError: expected [true] but found [false]
	at org.web.automation.utility.Validate.validateElementPresent(Validate.java:15)
	at org.web.automation.pages.ProductAddedPopup.ContinueButtonPresent(ProductAddedPopup.java:74)
	at org.web.automation.testcases.TC_006_ProductPopupWindowFunctionality.tc_002_checkContinuebuttonPresent(TC_006_ProductPopupWindowFunctionality.java:18)
	at java.base/java.util.ArrayList.forEach(ArrayList.java:1511)
... Removed 33 stack frames</div></td></tr></table><p class="totop"><a href="#summary">back to summary</a></p>
<h3 id="m1">org.web.automation.testcases.TC_006_ProductPopupWindowFunctionality#tc_003_checkProceedToCheckoutButtonPresent</h3><table class="result"><tr><th>Exception</th></tr><tr><td><div class="stacktrace">java.lang.AssertionError: expected [true] but found [false]
	at org.web.automation.utility.Validate.validateElementPresent(Validate.java:15)
	at org.web.automation.pages.ProductAddedPopup.ProceedToCheckoutButtonPresent(ProductAddedPopup.java:86)
	at org.web.automation.testcases.TC_006_ProductPopupWindowFunctionality.tc_003_checkProceedToCheckoutButtonPresent(TC_006_ProductPopupWindowFunctionality.java:25)
	at java.base/java.util.ArrayList.forEach(ArrayList.java:1511)
... Removed 33 stack frames</div></td></tr></table><p class="totop"><a href="#summary">back to summary</a></p>
<h3 id="m2">org.web.automation.testcases.TC_005_ShoppingCartFunctionality#tc_001_checkCartIsEmpty</h3><table class="result"><tr><th class="invisible"/></tr></table><p class="totop"><a href="#summary">back to summary</a></p>
<h3 id="m3">org.web.automation.testcases.TC_005_ShoppingCartFunctionality#tc_002_checkCartIsNotEmpty</h3><table class="result"><tr><th class="invisible"/></tr></table><p class="totop"><a href="#summary">back to summary</a></p>
<h3 id="m4">org.web.automation.testcases.TC_005_ShoppingCartFunctionality#tc_003_DecreaseProductQuantity</h3><table class="result"><tr><th class="invisible"/></tr></table><p class="totop"><a href="#summary">back to summary</a></p>
<h3 id="m5">org.web.automation.testcases.TC_005_ShoppingCartFunctionality#tc_004_IncreaseProductQuantity</h3><table class="result"><tr><th class="invisible"/></tr></table><p class="totop"><a href="#summary">back to summary</a></p>
<h3 id="m6">org.web.automation.testcases.TC_005_ShoppingCartFunctionality#tc_005_deleteProductFromCart</h3><table class="result"><tr><th class="invisible"/></tr></table><p class="totop"><a href="#summary">back to summary</a></p>
</body>
</html>
