<?xml version="1.0" encoding="UTF-8"?>
<testng-results ignored="0" total="7" passed="5" failed="2" skipped="0">
  <reporter-output>
  </reporter-output>
  <suite started-at="2021-05-15T11:57:07 EDT" name="Suite" finished-at="2021-05-15T11:58:19 EDT" duration-ms="71502">
    <groups>
    </groups>
    <test started-at="2021-05-15T11:57:07 EDT" name="Test" finished-at="2021-05-15T11:58:19 EDT" duration-ms="71502">
      <class name="org.web.automation.testcases.TC_006_ProductPopupWindowFunctionality">
        <test-method is-config="true" signature="startBrowser()[pri:0, instance:org.web.automation.testcases.TC_006_ProductPopupWindowFunctionality@1ed6388a]" started-at="2021-05-15T11:58:12 EDT" name="startBrowser" finished-at="2021-05-15T11:58:15 EDT" duration-ms="2490" status="PASS">
          <reporter-output>
          </reporter-output>
        </test-method> <!-- startBrowser -->
        <test-method signature="tc_002_checkContinuebuttonPresent()[pri:0, instance:org.web.automation.testcases.TC_006_ProductPopupWindowFunctionality@1ed6388a]" started-at="2021-05-15T11:58:15 EDT" name="tc_002_checkContinuebuttonPresent" finished-at="2021-05-15T11:58:15 EDT" duration-ms="156" status="FAIL">
          <exception class="java.lang.AssertionError">
            <message>
              <![CDATA[expected [true] but found [false]]]>
            </message>
            <full-stacktrace>
              <![CDATA[java.lang.AssertionError: expected [true] but found [false]
at org.testng.Assert.fail(Assert.java:99)
at org.testng.Assert.failNotEquals(Assert.java:1037)
at org.testng.Assert.assertEqualsImpl(Assert.java:140)
at org.testng.Assert.assertEquals(Assert.java:122)
at org.testng.Assert.assertEquals(Assert.java:819)
at org.testng.Assert.assertEquals(Assert.java:829)
at org.web.automation.utility.Validate.validateElementPresent(Validate.java:15)
at org.web.automation.pages.ProductAddedPopup.ContinueButtonPresent(ProductAddedPopup.java:74)
at org.web.automation.testcases.TC_006_ProductPopupWindowFunctionality.tc_002_checkContinuebuttonPresent(TC_006_ProductPopupWindowFunctionality.java:18)
at java.base/jdk.internal.reflect.NativeMethodAccessorImpl.invoke0(Native Method)
at java.base/jdk.internal.reflect.NativeMethodAccessorImpl.invoke(NativeMethodAccessorImpl.java:64)
at java.base/jdk.internal.reflect.DelegatingMethodAccessorImpl.invoke(DelegatingMethodAccessorImpl.java:43)
at java.base/java.lang.reflect.Method.invoke(Method.java:564)
at org.testng.internal.MethodInvocationHelper.invokeMethod(MethodInvocationHelper.java:132)
at org.testng.internal.TestInvoker.invokeMethod(TestInvoker.java:599)
at org.testng.internal.TestInvoker.invokeTestMethod(TestInvoker.java:174)
at org.testng.internal.MethodRunner.runInSequence(MethodRunner.java:46)
at org.testng.internal.TestInvoker$MethodInvocationAgent.invoke(TestInvoker.java:822)
at org.testng.internal.TestInvoker.invokeTestMethods(TestInvoker.java:147)
at org.testng.internal.TestMethodWorker.invokeTestMethods(TestMethodWorker.java:146)
at org.testng.internal.TestMethodWorker.run(TestMethodWorker.java:128)
at java.base/java.util.ArrayList.forEach(ArrayList.java:1511)
at org.testng.TestRunner.privateRun(TestRunner.java:764)
at org.testng.TestRunner.run(TestRunner.java:585)
at org.testng.SuiteRunner.runTest(SuiteRunner.java:384)
at org.testng.SuiteRunner.runSequentially(SuiteRunner.java:378)
at org.testng.SuiteRunner.privateRun(SuiteRunner.java:337)
at org.testng.SuiteRunner.run(SuiteRunner.java:286)
at org.testng.SuiteRunnerWorker.runSuite(SuiteRunnerWorker.java:53)
at org.testng.SuiteRunnerWorker.run(SuiteRunnerWorker.java:96)
at org.testng.TestNG.runSuitesSequentially(TestNG.java:1218)
at org.testng.TestNG.runSuitesLocally(TestNG.java:1140)
at org.testng.TestNG.runSuites(TestNG.java:1069)
at org.testng.TestNG.run(TestNG.java:1037)
at org.testng.remote.AbstractRemoteTestNG.run(AbstractRemoteTestNG.java:115)
at org.testng.remote.RemoteTestNG.initAndRun(RemoteTestNG.java:251)
at org.testng.remote.RemoteTestNG.main(RemoteTestNG.java:77)
]]>
            </full-stacktrace>
          </exception> <!-- java.lang.AssertionError -->
          <reporter-output>
          </reporter-output>
        </test-method> <!-- tc_002_checkContinuebuttonPresent -->
        <test-method is-config="true" signature="startBrowser()[pri:0, instance:org.web.automation.testcases.TC_006_ProductPopupWindowFunctionality@1ed6388a]" started-at="2021-05-15T11:58:15 EDT" name="startBrowser" finished-at="2021-05-15T11:58:19 EDT" duration-ms="3659" status="PASS">
          <reporter-output>
          </reporter-output>
        </test-method> <!-- startBrowser -->
        <test-method signature="tc_003_checkProceedToCheckoutButtonPresent()[pri:0, instance:org.web.automation.testcases.TC_006_ProductPopupWindowFunctionality@1ed6388a]" started-at="2021-05-15T11:58:19 EDT" name="tc_003_checkProceedToCheckoutButtonPresent" finished-at="2021-05-15T11:58:19 EDT" duration-ms="150" status="FAIL">
          <exception class="java.lang.AssertionError">
            <message>
              <![CDATA[expected [true] but found [false]]]>
            </message>
            <full-stacktrace>
              <![CDATA[java.lang.AssertionError: expected [true] but found [false]
at org.testng.Assert.fail(Assert.java:99)
at org.testng.Assert.failNotEquals(Assert.java:1037)
at org.testng.Assert.assertEqualsImpl(Assert.java:140)
at org.testng.Assert.assertEquals(Assert.java:122)
at org.testng.Assert.assertEquals(Assert.java:819)
at org.testng.Assert.assertEquals(Assert.java:829)
at org.web.automation.utility.Validate.validateElementPresent(Validate.java:15)
at org.web.automation.pages.ProductAddedPopup.ProceedToCheckoutButtonPresent(ProductAddedPopup.java:86)
at org.web.automation.testcases.TC_006_ProductPopupWindowFunctionality.tc_003_checkProceedToCheckoutButtonPresent(TC_006_ProductPopupWindowFunctionality.java:25)
at java.base/jdk.internal.reflect.NativeMethodAccessorImpl.invoke0(Native Method)
at java.base/jdk.internal.reflect.NativeMethodAccessorImpl.invoke(NativeMethodAccessorImpl.java:64)
at java.base/jdk.internal.reflect.DelegatingMethodAccessorImpl.invoke(DelegatingMethodAccessorImpl.java:43)
at java.base/java.lang.reflect.Method.invoke(Method.java:564)
at org.testng.internal.MethodInvocationHelper.invokeMethod(MethodInvocationHelper.java:132)
at org.testng.internal.TestInvoker.invokeMethod(TestInvoker.java:599)
at org.testng.internal.TestInvoker.invokeTestMethod(TestInvoker.java:174)
at org.testng.internal.MethodRunner.runInSequence(MethodRunner.java:46)
at org.testng.internal.TestInvoker$MethodInvocationAgent.invoke(TestInvoker.java:822)
at org.testng.internal.TestInvoker.invokeTestMethods(TestInvoker.java:147)
at org.testng.internal.TestMethodWorker.invokeTestMethods(TestMethodWorker.java:146)
at org.testng.internal.TestMethodWorker.run(TestMethodWorker.java:128)
at java.base/java.util.ArrayList.forEach(ArrayList.java:1511)
at org.testng.TestRunner.privateRun(TestRunner.java:764)
at org.testng.TestRunner.run(TestRunner.java:585)
at org.testng.SuiteRunner.runTest(SuiteRunner.java:384)
at org.testng.SuiteRunner.runSequentially(SuiteRunner.java:378)
at org.testng.SuiteRunner.privateRun(SuiteRunner.java:337)
at org.testng.SuiteRunner.run(SuiteRunner.java:286)
at org.testng.SuiteRunnerWorker.runSuite(SuiteRunnerWorker.java:53)
at org.testng.SuiteRunnerWorker.run(SuiteRunnerWorker.java:96)
at org.testng.TestNG.runSuitesSequentially(TestNG.java:1218)
at org.testng.TestNG.runSuitesLocally(TestNG.java:1140)
at org.testng.TestNG.runSuites(TestNG.java:1069)
at org.testng.TestNG.run(TestNG.java:1037)
at org.testng.remote.AbstractRemoteTestNG.run(AbstractRemoteTestNG.java:115)
at org.testng.remote.RemoteTestNG.initAndRun(RemoteTestNG.java:251)
at org.testng.remote.RemoteTestNG.main(RemoteTestNG.java:77)
]]>
            </full-stacktrace>
          </exception> <!-- java.lang.AssertionError -->
          <reporter-output>
          </reporter-output>
        </test-method> <!-- tc_003_checkProceedToCheckoutButtonPresent -->
      </class> <!-- org.web.automation.testcases.TC_006_ProductPopupWindowFunctionality -->
      <class name="org.web.automation.testcases.TC_005_ShoppingCartFunctionality">
        <test-method is-config="true" signature="startBrowser()[pri:0, instance:org.web.automation.testcases.TC_005_ShoppingCartFunctionality@942a29c]" started-at="2021-05-15T11:57:07 EDT" name="startBrowser" finished-at="2021-05-15T11:57:19 EDT" duration-ms="12072" status="PASS">
          <reporter-output>
          </reporter-output>
        </test-method> <!-- startBrowser -->
        <test-method signature="tc_001_checkCartIsEmpty()[pri:0, instance:org.web.automation.testcases.TC_005_ShoppingCartFunctionality@942a29c]" started-at="2021-05-15T11:57:19 EDT" name="tc_001_checkCartIsEmpty" finished-at="2021-05-15T11:57:20 EDT" duration-ms="893" status="PASS">
          <reporter-output>
          </reporter-output>
        </test-method> <!-- tc_001_checkCartIsEmpty -->
        <test-method is-config="true" signature="startBrowser()[pri:0, instance:org.web.automation.testcases.TC_005_ShoppingCartFunctionality@942a29c]" started-at="2021-05-15T11:57:20 EDT" name="startBrowser" finished-at="2021-05-15T11:57:23 EDT" duration-ms="2519" status="PASS">
          <reporter-output>
          </reporter-output>
        </test-method> <!-- startBrowser -->
        <test-method signature="tc_002_checkCartIsNotEmpty()[pri:0, instance:org.web.automation.testcases.TC_005_ShoppingCartFunctionality@942a29c]" started-at="2021-05-15T11:57:23 EDT" name="tc_002_checkCartIsNotEmpty" finished-at="2021-05-15T11:57:28 EDT" duration-ms="5181" status="PASS">
          <reporter-output>
          </reporter-output>
        </test-method> <!-- tc_002_checkCartIsNotEmpty -->
        <test-method is-config="true" signature="startBrowser()[pri:0, instance:org.web.automation.testcases.TC_005_ShoppingCartFunctionality@942a29c]" started-at="2021-05-15T11:57:28 EDT" name="startBrowser" finished-at="2021-05-15T11:57:31 EDT" duration-ms="2602" status="PASS">
          <reporter-output>
          </reporter-output>
        </test-method> <!-- startBrowser -->
        <test-method signature="tc_003_DecreaseProductQuantity()[pri:0, instance:org.web.automation.testcases.TC_005_ShoppingCartFunctionality@942a29c]" started-at="2021-05-15T11:57:31 EDT" name="tc_003_DecreaseProductQuantity" finished-at="2021-05-15T11:57:44 EDT" duration-ms="13819" status="PASS">
          <reporter-output>
          </reporter-output>
        </test-method> <!-- tc_003_DecreaseProductQuantity -->
        <test-method is-config="true" signature="startBrowser()[pri:0, instance:org.web.automation.testcases.TC_005_ShoppingCartFunctionality@942a29c]" started-at="2021-05-15T11:57:44 EDT" name="startBrowser" finished-at="2021-05-15T11:57:47 EDT" duration-ms="2442" status="PASS">
          <reporter-output>
          </reporter-output>
        </test-method> <!-- startBrowser -->
        <test-method signature="tc_004_IncreaseProductQuantity()[pri:0, instance:org.web.automation.testcases.TC_005_ShoppingCartFunctionality@942a29c]" started-at="2021-05-15T11:57:47 EDT" name="tc_004_IncreaseProductQuantity" finished-at="2021-05-15T11:57:57 EDT" duration-ms="10552" status="PASS">
          <reporter-output>
          </reporter-output>
        </test-method> <!-- tc_004_IncreaseProductQuantity -->
        <test-method is-config="true" signature="startBrowser()[pri:0, instance:org.web.automation.testcases.TC_005_ShoppingCartFunctionality@942a29c]" started-at="2021-05-15T11:57:57 EDT" name="startBrowser" finished-at="2021-05-15T11:58:01 EDT" duration-ms="3614" status="PASS">
          <reporter-output>
          </reporter-output>
        </test-method> <!-- startBrowser -->
        <test-method signature="tc_005_deleteProductFromCart()[pri:0, instance:org.web.automation.testcases.TC_005_ShoppingCartFunctionality@942a29c]" started-at="2021-05-15T11:58:01 EDT" name="tc_005_deleteProductFromCart" finished-at="2021-05-15T11:58:12 EDT" duration-ms="11295" status="PASS">
          <reporter-output>
          </reporter-output>
        </test-method> <!-- tc_005_deleteProductFromCart -->
      </class> <!-- org.web.automation.testcases.TC_005_ShoppingCartFunctionality -->
    </test> <!-- Test -->
  </suite> <!-- Suite -->
</testng-results>
